<?xml version="1.0" encoding="UTF-8" standalone="yes" ?>
<test-results name="D:\git_d12\MitbestimmIT\tests\DUnitXMitbestimmIT.exe" total="15" errors="0" failures="0" ignored="0" inconclusive="0" not-run="0" skipped="0" invalid="0" date="2025-04-19" time="0.004">
  <culture-info current-culture="en" current-uiculture="en" />
  <test-suite type="Assembly" name="DUnitXMitbestimmIT.exe" executed="true" result="Success" success="True" time="0.004" asserts="0">
    <results>
        <test-suite type="Namespace" name="u_testBERBerechnungen" executed="true" result="Success" success="True" time="0.004" asserts="0" >
          <results>
              <test-suite type="Fixture" name="TTestBerBerechnungen" executed="True" result="Success" success="True" time="0.004" >
                <results>
                  <test-case name="TestMinderheitengeschlecht.Minderheit Mann" executed="True" result="Success" success="True" time="0.000" asserts="0" />
                  <test-case name="TestMinderheitengeschlecht.Minderheit Frau" executed="True" result="Success" success="True" time="0.000" asserts="0" />
                  <test-case name="TestMinderheitengeschlecht.Keine Minderheit" executed="True" result="Success" success="True" time="0.000" asserts="0" />
                  <test-case name="TestMindestanzahlMinderheitengeschlecht.Anzahl Minderheitengeschlecht" executed="True" result="Success" success="True" time="0.000" asserts="0" />
                  <test-case name="TestFreistellungen.Freistellungen" executed="True" result="Success" success="True" time="0.000" asserts="0" />
                  <test-case name="TestFreistellungen.Freistellungen" executed="True" result="Success" success="True" time="0.000" asserts="0" />
                  <test-case name="TestFreistellungen.Freistellungen" executed="True" result="Success" success="True" time="0.000" asserts="0" />
                  <test-case name="TestFreistellungen.Freistellungen" executed="True" result="Success" success="True" time="0.000" asserts="0" />
                  <test-case name="TestGremium.Gremium" executed="True" result="Success" success="True" time="0.000" asserts="0" />
                  <test-case name="TestGremium.Gremium" executed="True" result="Success" success="True" time="0.000" asserts="0" />
                  <test-case name="TestGremium.Gremium" executed="True" result="Success" success="True" time="0.000" asserts="0" />
                  <test-case name="TestGremium.Gremium" executed="True" result="Success" success="True" time="0.000" asserts="0" />
                  <test-case name="TestGremium.Gremium" executed="True" result="Success" success="True" time="0.000" asserts="0" />
                  <test-case name="TestGremium.Gremium" executed="True" result="Success" success="True" time="0.000" asserts="0" />
                  <test-case name="TestGremium.Gremium" executed="True" result="Success" success="True" time="0.000" asserts="0" />
                </results>
              </test-suite>
          </results>
        </test-suite>
    </results>
  </test-suite>
</test-results>
